<?xml version="1.0" encoding="UTF-8" standalone="no"?>
<testsuite errors="0" failures="0" name="io.cucumber.core.plugin.JUnitFormatter" skipped="0" tests="1" time="6.627">
    <testcase classname="User can login &quot;upgenix&quot; page" name="Users enter &quot;Wrong login/password&quot; message should be displayed for invalid credentials" time="6.452">
        <system-out>
            <![CDATA[When user enters wrong username "salesmanager@info.com".....................passed
And user enters wrong password "salesmanager100"............................passed
And user clicks login button................................................passed
Then "Wrong login/password" message should be displayed.....................passed
When user enters wrong username "posmanager@info.com".......................passed
And user enters wrong password "posmanager100"..............................passed
And user clicks login button................................................passed
Then "Wrong login/password" message should be displayed.....................passed
]]>
        </system-out>
    </testcase>
</testsuite>
